<?xml version="1.0" encoding="UTF-8"?>
<!-- Generated by org.testng.reporters.JUnitReportReporter -->
<testsuite hostname="RPIPL-NB-DL069" name="Notes.NotesRequests" tests="1" failures="0" timestamp="29 Jun 2020 17:33:24 GMT" time="3.021" errors="0">
  <testcase name="getNotes" time="3.021" classname="Notes.NotesRequests"/>
</testsuite> <!-- Notes.NotesRequests -->
