<?xml version="1.0" encoding="UTF-8"?>
<!-- Generated by org.testng.reporters.JUnitReportReporter -->
<testsuite hostname="RPIPL-NB-DL069" name="Documents.DocumentsRequests" tests="1" failures="0" timestamp="2 Apr 2020 18:10:12 GMT" time="5.386" errors="0">
  <testcase name="postDocument" time="5.386" classname="Documents.DocumentsRequests"/>
</testsuite> <!-- Documents.DocumentsRequests -->
