<?xml version="1.0" encoding="UTF-8"?>
<!-- Generated by org.testng.reporters.JUnitReportReporter -->
<testsuite hostname="RPIPL-NB-DL069" name="Dashboards.DashboardsRequests" tests="1" failures="0" timestamp="1 Jul 2020 17:25:18 GMT" time="4.041" errors="0">
  <testcase name="getDashboards" time="4.041" classname="Dashboards.DashboardsRequests"/>
</testsuite> <!-- Dashboards.DashboardsRequests -->
