<?xml version="1.0" encoding="UTF-8"?>
<!-- Generated by org.testng.reporters.JUnitReportReporter -->
<testsuite hostname="RPIPL-NB-DL069" name="Notes.authTest" tests="1" failures="0" timestamp="29 Mar 2020 14:30:35 GMT" time="8.422" errors="0">
  <testcase name="postRequest" time="8.422" classname="Notes.authTest"/>
</testsuite> <!-- Notes.authTest -->
