<?xml version="1.0" encoding="UTF-8"?>
<!-- Generated by org.testng.reporters.JUnitReportReporter -->
<testsuite hostname="RPIPL-NB-DL069" name="Dashboards.DashboardsRequests" tests="1" failures="0" timestamp="6 Apr 2020 18:21:30 GMT" time="4.019" errors="0">
  <testcase name="putDashlet" time="4.019" classname="Dashboards.DashboardsRequests"/>
</testsuite> <!-- Dashboards.DashboardsRequests -->
